<?xml version="1.0" encoding="UTF-8"?>
<!-- Generated by org.testng.reporters.JUnitXMLReporter -->
<testsuite ignored="2" hostname="DESKTOP-E6GEFDQ" failures="0" tests="1" name="Default test" time="9.282" errors="0" timestamp="2023-10-26T17:36:53 IST">
  <testcase classname="scripts.testScenario1" name="test3" time="2.164"/>
  <testcase classname="scripts.testScenario1" name="test2" time="0.0">
    <ignored/>
  </testcase> <!-- test2 -->
  <testcase classname="scripts.testScenario1" name="test1" time="0.0">
    <ignored/>
  </testcase> <!-- test1 -->
</testsuite> <!-- Default test -->
