<?xml version="1.0" encoding="UTF-8"?>
<testng-results ignored="2" total="3" passed="1" failed="0" skipped="0">
  <reporter-output>
  </reporter-output>
  <suite started-at="2023-10-26T17:36:44 IST" name="Default suite" finished-at="2023-10-26T17:36:53 IST" duration-ms="9282">
    <groups>
    </groups>
    <test started-at="2023-10-26T17:36:44 IST" name="Default test" finished-at="2023-10-26T17:36:53 IST" duration-ms="9282">
      <class name="scripts.testScenario1">
        <test-method is-config="true" signature="config_BS()[pri:0, instance:scripts.testScenario1@2e3967ea]" started-at="2023-10-26T17:36:44 IST" name="config_BS" finished-at="2023-10-26T17:36:44 IST" duration-ms="16" status="PASS">
          <reporter-output>
          </reporter-output>
        </test-method> <!-- config_BS -->
        <test-method is-config="true" signature="config_BC()[pri:0, instance:scripts.testScenario1@2e3967ea]" started-at="2023-10-26T17:36:44 IST" name="config_BC" finished-at="2023-10-26T17:36:48 IST" duration-ms="4356" status="PASS">
          <reporter-output>
          </reporter-output>
        </test-method> <!-- config_BC -->
        <test-method is-config="true" signature="config_BM()[pri:0, instance:scripts.testScenario1@2e3967ea]" started-at="2023-10-26T17:36:48 IST" name="config_BM" finished-at="2023-10-26T17:36:51 IST" duration-ms="2667" status="PASS">
          <reporter-output>
          </reporter-output>
        </test-method> <!-- config_BM -->
        <test-method signature="test3()[pri:0, instance:scripts.testScenario1@2e3967ea]" started-at="2023-10-26T17:36:51 IST" name="test3" finished-at="2023-10-26T17:36:53 IST" duration-ms="2164" status="PASS">
          <reporter-output>
          </reporter-output>
        </test-method> <!-- test3 -->
        <test-method is-config="true" signature="config_AM()[pri:0, instance:scripts.testScenario1@2e3967ea]" started-at="2023-10-26T17:36:53 IST" name="config_AM" finished-at="2023-10-26T17:36:53 IST" duration-ms="3" status="PASS">
          <reporter-output>
          </reporter-output>
        </test-method> <!-- config_AM -->
        <test-method is-config="true" signature="config_AC()[pri:0, instance:scripts.testScenario1@2e3967ea]" started-at="2023-10-26T17:36:53 IST" name="config_AC" finished-at="2023-10-26T17:36:53 IST" duration-ms="0" status="PASS">
          <reporter-output>
          </reporter-output>
        </test-method> <!-- config_AC -->
        <test-method is-config="true" signature="congif_AS()[pri:0, instance:scripts.testScenario1@2e3967ea]" started-at="2023-10-26T17:36:53 IST" name="congif_AS" finished-at="2023-10-26T17:36:53 IST" duration-ms="0" status="PASS">
          <reporter-output>
          </reporter-output>
        </test-method> <!-- congif_AS -->
      </class> <!-- scripts.testScenario1 -->
    </test> <!-- Default test -->
  </suite> <!-- Default suite -->
</testng-results>
